2025-05-29 17:59:11 [main] INFO  com.example.dao.VehiculoDAOImpl - Tabla 'vehiculos' verificada o creada.
2025-05-29 17:59:27 [main] INFO  com.example.dao.VehiculoDAOImpl - Vehículo creado con ID: 34
2025-05-29 17:59:44 [main] INFO  com.example.dao.VehiculoDAOImpl - Listado de vehículos recuperado. Total: 3
2025-05-29 17:59:46 [main] INFO  com.example.dao.VehiculoDAOImpl - Listado de vehículos recuperado. Total: 3
2025-05-29 18:02:28 [main] INFO  com.example.dao.VehiculoDAOImpl - Tabla 'vehiculos' verificada o creada.
2025-05-29 18:03:31 [main] INFO  com.example.dao.VehiculoDAOImpl - Vehículo creado con ID: 35
2025-05-29 18:04:11 [main] INFO  com.example.dao.VehiculoDAOImpl - Tabla 'vehiculos' verificada o creada.
2025-05-29 18:04:27 [main] INFO  com.example.dao.VehiculoDAOImpl - Vehículo creado con ID: 36
2025-05-29 18:05:15 [main] INFO  com.example.dao.VehiculoDAOImpl - Listado de vehículos recuperado. Total: 5
2025-05-29 18:05:43 [main] INFO  com.example.dao.VehiculoDAOImpl - Listado de vehículos recuperado. Total: 5
2025-05-29 18:05:58 [main] INFO  com.example.dao.VehiculoDAOImpl - Vehículo eliminado con ID: 35
2025-05-29 18:06:01 [main] INFO  com.example.dao.VehiculoDAOImpl - Listado de vehículos recuperado. Total: 4
2025-05-29 18:06:11 [main] INFO  com.example.dao.VehiculoDAOImpl - Vehículo eliminado con ID: 34
2025-05-29 18:06:14 [main] INFO  com.example.dao.VehiculoDAOImpl - Listado de vehículos recuperado. Total: 3
2025-05-29 18:06:23 [main] ERROR com.example.dao.VehiculoDAOImpl - Error al eliminar vehículo con ID: 1
org.h2.jdbc.JdbcSQLIntegrityConstraintViolationException: Violación de una restricción de Integridad Referencial: "CONSTRAINT_AA: PUBLIC.REPARACION FOREIGN KEY(VEHICULOID) REFERENCES PUBLIC.VEHICULOS(ID) (1)"
Referential integrity constraint violation: "CONSTRAINT_AA: PUBLIC.REPARACION FOREIGN KEY(VEHICULOID) REFERENCES PUBLIC.VEHICULOS(ID) (1)"; SQL statement:
DELETE FROM vehiculos WHERE id = ? [23503-232]
	at org.h2.message.DbException.getJdbcSQLException(DbException.java:520) ~[h2-2.3.232.jar:2.3.232]
	at org.h2.engine.SessionRemote.readSQLException(SessionRemote.java:663) ~[h2-2.3.232.jar:2.3.232]
	at org.h2.engine.SessionRemote.readException(SessionRemote.java:646) ~[h2-2.3.232.jar:2.3.232]
	at org.h2.engine.SessionRemote.done(SessionRemote.java:620) ~[h2-2.3.232.jar:2.3.232]
	at org.h2.command.CommandRemote.executeUpdate(CommandRemote.java:225) ~[h2-2.3.232.jar:2.3.232]
	at org.h2.jdbc.JdbcPreparedStatement.executeUpdateInternal(JdbcPreparedStatement.java:213) ~[h2-2.3.232.jar:2.3.232]
	at org.h2.jdbc.JdbcPreparedStatement.executeUpdate(JdbcPreparedStatement.java:172) ~[h2-2.3.232.jar:2.3.232]
	at com.example.dao.VehiculoDAOImpl.eliminar(VehiculoDAOImpl.java:161) [main/:?]
	at com.example.Main.main(Main.java:92) [main/:?]
2025-05-29 18:06:25 [main] INFO  com.example.dao.VehiculoDAOImpl - Listado de vehículos recuperado. Total: 3
2025-05-29 18:06:34 [main] INFO  com.example.dao.VehiculoDAOImpl - Vehículo eliminado con ID: 1
2025-05-29 18:06:41 [main] INFO  com.example.dao.VehiculoDAOImpl - Vehículo eliminado con ID: 33
2025-05-29 18:06:43 [main] INFO  com.example.dao.VehiculoDAOImpl - Listado de vehículos recuperado. Total: 1
2025-05-29 18:07:06 [main] INFO  com.example.dao.VehiculoDAOImpl - Vehículo creado con ID: 37
2025-05-29 18:07:26 [main] INFO  com.example.dao.VehiculoDAOImpl - Listado de vehículos recuperado. Total: 2
2025-05-29 18:08:08 [main] INFO  com.example.dao.VehiculoDAOImpl - Vehículo actualizado con ID: 36
2025-05-29 18:08:10 [main] INFO  com.example.dao.VehiculoDAOImpl - Listado de vehículos recuperado. Total: 2
2025-05-29 18:09:09 [main] INFO  com.example.dao.VehiculoDAOImpl - Listado de vehículos recuperado. Total: 2
2025-05-29 18:09:50 [main] INFO  com.example.dao.VehiculoDAOImpl - Listado de vehículos recuperado. Total: 2
2025-05-29 18:10:53 [main] INFO  com.example.dao.VehiculoDAOImpl - Tabla 'vehiculos' verificada o creada.
2025-05-29 18:10:54 [main] INFO  com.example.dao.VehiculoDAOImpl - Listado de vehículos recuperado. Total: 2
2025-05-29 18:11:21 [main] INFO  com.example.dao.VehiculoDAOImpl - Listado de vehículos recuperado. Total: 2
2025-05-29 18:12:09 [main] INFO  com.example.dao.VehiculoDAOImpl - Tabla 'vehiculos' verificada o creada.
2025-05-29 18:12:24 [main] INFO  com.example.dao.VehiculoDAOImpl - Vehículo creado con ID: 1
2025-05-29 18:12:36 [main] INFO  com.example.dao.VehiculoDAOImpl - Listado de vehículos recuperado. Total: 1
2025-05-29 18:12:59 [main] INFO  com.example.dao.VehiculoDAOImpl - Tabla 'vehiculos' verificada o creada.
2025-05-29 18:37:48 [main] INFO  com.example.dao.VehiculoDAOImpl - Tabla 'vehiculos' verificada o creada.
2025-05-29 18:37:50 [main] INFO  com.example.dao.VehiculoDAOImpl - Listado de vehículos recuperado. Total: 1
2025-05-29 18:38:44 [main] INFO  com.example.dao.VehiculoDAOImpl - Listado de vehículos recuperado. Total: 1
2025-05-29 18:46:55 [main] INFO  com.example.dao.VehiculoDAOImpl - Tabla 'vehiculos' verificada o creada.
2025-05-29 18:48:25 [main] INFO  com.example.dao.VehiculoDAOImpl - Tabla 'vehiculos' verificada o creada.
2025-05-29 18:48:56 [main] INFO  com.example.dao.VehiculoDAOImpl - Listado de vehículos recuperado. Total: 1
2025-05-30 11:43:04 [main] INFO  com.example.dao.VehiculoDAOImpl - Tabla 'vehiculos' verificada o creada.
2025-05-30 11:43:12 [main] INFO  com.example.dao.VehiculoDAOImpl - Listado de vehículos recuperado. Total: 1
2025-05-30 11:44:58 [main] INFO  com.example.dao.VehiculoDAOImpl - Listado de vehículos recuperado. Total: 1
2025-05-30 11:47:26 [main] INFO  com.example.dao.VehiculoDAOImpl - Tabla 'vehiculos' verificada o creada.
2025-05-30 11:48:24 [main] INFO  com.example.dao.VehiculoDAOImpl - Listado de vehículos recuperado. Total: 1
2025-05-30 11:48:57 [main] INFO  com.example.dao.VehiculoDAOImpl - Tabla 'vehiculos' verificada o creada.
2025-05-30 11:51:46 [main] INFO  com.example.dao.VehiculoDAOImpl - Tabla 'vehiculos' verificada o creada.
2025-05-30 11:52:04 [main] WARN  com.example.dao.VehiculoDAOImpl - No se actualizó ningún vehículo para ID: 999
